# JRE version: Java(TM) SE Runtime Environment (8.0_25-b17) (build 1.8.0_25-b17)
# Java VM: Java HotSpot(TM) 64-Bit Server VM (25.25-b02 mixed mode linux-amd64 )
Heap:
 PSYoungGen      total 1654272K, used 87040K [0x00007f0962580000, 0x00007f09ed180000, 0x00007f140d000000)
  eden space 1567232K, 0% used [0x00007f0962580000,0x00007f0962580000,0x00007f09c2000000)
  from space 87040K, 100% used [0x00007f09e2780000,0x00007f09e7c80000,0x00007f09e7c80000)
  to   space 87040K, 0% used [0x00007f09e7c80000,0x00007f09e7c80000,0x00007f09ed180000)
 ParOldGen       total 3406848K, used 2017053K [0x00007ef40d000000, 0x00007ef4dcf00000, 0x00007f0962580000)
  object space 3406848K, 59% used [0x00007ef40d000000,0x00007ef4881c77e8,0x00007ef4dcf00000)
 Metaspace       used 9573K, capacity 9637K, committed 9728K, reserved 10240K
GC Heap History (10 events):
Event: 3.652 GC heap after
Heap after GC invocations=2 (full 0):
 PSYoungGen      total 1136640K, used 87028K [0x00007f0962580000, 0x00007f09ad080000, 0x00007f140d000000)
  eden space 1049600K, 0% used [0x00007f0962580000,0x00007f0962580000,0x00007f09a2680000)
  from space 87040K, 99% used [0x00007f09a7b80000,0x00007f09ad07d098,0x00007f09ad080000)
  to   space 87040K, 0% used [0x00007f09a2680000,0x00007f09a2680000,0x00007f09a7b80000)
 ParOldGen       total 1398272K, used 436750K [0x00007ef40d000000, 0x00007ef462580000, 0x00007f0962580000)
  object space 1398272K, 31% used [0x00007ef40d000000,0x00007ef427a83bd0,0x00007ef462580000)
 Metaspace       used 9131K, capacity 9189K, committed 9472K, reserved 10240K
}
Event: 5.242 GC heap before
{Heap before GC invocations=3 (full 0):
 PSYoungGen      total 1136640K, used 937665K [0x00007f0962580000, 0x00007f09ad080000, 0x00007f140d000000)
  eden space 1049600K, 81% used [0x00007f0962580000,0x00007f09964333d0,0x00007f09a2680000)
  from space 87040K, 99% used [0x00007f09a7b80000,0x00007f09ad07d098,0x00007f09ad080000)
  to   space 87040K, 0% used [0x00007f09a2680000,0x00007f09a2680000,0x00007f09a7b80000)
 ParOldGen       total 1398272K, used 436750K [0x00007ef40d000000, 0x00007ef462580000, 0x00007f0962580000)
  object space 1398272K, 31% used [0x00007ef40d000000,0x00007ef427a83bd0,0x00007ef462580000)
 Metaspace       used 9131K, capacity 9189K, committed 9472K, reserved 10240K
Event: 5.686 GC heap after
Heap after GC invocations=3 (full 0):
 PSYoungGen      total 1136640K, used 87008K [0x00007f0962580000, 0x00007f09ed180000, 0x00007f140d000000)
  eden space 1049600K, 0% used [0x00007f0962580000,0x00007f0962580000,0x00007f09a2680000)
  from space 87040K, 99% used [0x00007f09a2680000,0x00007f09a7b780a8,0x00007f09a7b80000)
  to   space 87040K, 0% used [0x00007f09e7c80000,0x00007f09e7c80000,0x00007f09ed180000)
 ParOldGen       total 1398272K, used 1207640K [0x00007ef40d000000, 0x00007ef462580000, 0x00007f0962580000)
  object space 1398272K, 86% used [0x00007ef40d000000,0x00007ef456b56138,0x00007ef462580000)
 Metaspace       used 9131K, capacity 9189K, committed 9472K, reserved 10240K
}
Event: 5.686 GC heap before
{Heap before GC invocations=4 (full 1):
 PSYoungGen      total 1136640K, used 87008K [0x00007f0962580000, 0x00007f09ed180000, 0x00007f140d000000)
  eden space 1049600K, 0% used [0x00007f0962580000,0x00007f0962580000,0x00007f09a2680000)
  from space 87040K, 99% used [0x00007f09a2680000,0x00007f09a7b780a8,0x00007f09a7b80000)
  to   space 87040K, 0% used [0x00007f09e7c80000,0x00007f09e7c80000,0x00007f09ed180000)
 ParOldGen       total 1398272K, used 1207640K [0x00007ef40d000000, 0x00007ef462580000, 0x00007f0962580000)
  object space 1398272K, 86% used [0x00007ef40d000000,0x00007ef456b56138,0x00007ef462580000)
 Metaspace       used 9131K, capacity 9189K, committed 9472K, reserved 10240K
Event: 6.909 GC heap after
Heap after GC invocations=4 (full 1):
 PSYoungGen      total 1136640K, used 0K [0x00007f0962580000, 0x00007f09ed180000, 0x00007f140d000000)
  eden space 1049600K, 0% used [0x00007f0962580000,0x00007f0962580000,0x00007f09a2680000)
  from space 87040K, 0% used [0x00007f09a2680000,0x00007f09a2680000,0x00007f09a7b80000)
  to   space 87040K, 0% used [0x00007f09e7c80000,0x00007f09e7c80000,0x00007f09ed180000)
 ParOldGen       total 2676736K, used 1116258K [0x00007ef40d000000, 0x00007ef4b0600000, 0x00007f0962580000)
  object space 2676736K, 41% used [0x00007ef40d000000,0x00007ef451218998,0x00007ef4b0600000)
 Metaspace       used 9131K, capacity 9189K, committed 9472K, reserved 10240K
}
Event: 7.886 GC heap before
{Heap before GC invocations=5 (full 1):
 PSYoungGen      total 1136640K, used 1049600K [0x00007f0962580000, 0x00007f09ed180000, 0x00007f140d000000)
  eden space 1049600K, 100% used [0x00007f0962580000,0x00007f09a2680000,0x00007f09a2680000)
  from space 87040K, 0% used [0x00007f09a2680000,0x00007f09a2680000,0x00007f09a7b80000)
  to   space 87040K, 0% used [0x00007f09e7c80000,0x00007f09e7c80000,0x00007f09ed180000)
 ParOldGen       total 2676736K, used 1116258K [0x00007ef40d000000, 0x00007ef4b0600000, 0x00007f0962580000)
  object space 2676736K, 41% used [0x00007ef40d000000,0x00007ef451218998,0x00007ef4b0600000)
 Metaspace       used 9554K, capacity 9573K, committed 9728K, reserved 10240K
Event: 8.243 GC heap after
Heap after GC invocations=5 (full 1):
 PSYoungGen      total 1654272K, used 87008K [0x00007f0962580000, 0x00007f09ed180000, 0x00007f140d000000)
  eden space 1567232K, 0% used [0x00007f0962580000,0x00007f0962580000,0x00007f09c2000000)
  from space 87040K, 99% used [0x00007f09e7c80000,0x00007f09ed178060,0x00007f09ed180000)
  to   space 87040K, 0% used [0x00007f09e2780000,0x00007f09e2780000,0x00007f09e7c80000)
 ParOldGen       total 2676736K, used 1841312K [0x00007ef40d000000, 0x00007ef4b0600000, 0x00007f0962580000)
  object space 2676736K, 68% used [0x00007ef40d000000,0x00007ef47d628280,0x00007ef4b0600000)
 Metaspace       used 9554K, capacity 9573K, committed 9728K, reserved 10240K
}
Event: 8.243 GC heap before
{Heap before GC invocations=6 (full 2):
 PSYoungGen      total 1654272K, used 87008K [0x00007f0962580000, 0x00007f09ed180000, 0x00007f140d000000)
  eden space 1567232K, 0% used [0x00007f0962580000,0x00007f0962580000,0x00007f09c2000000)
  from space 87040K, 99% used [0x00007f09e7c80000,0x00007f09ed178060,0x00007f09ed180000)
  to   space 87040K, 0% used [0x00007f09e2780000,0x00007f09e2780000,0x00007f09e7c80000)
 ParOldGen       total 2676736K, used 1841312K [0x00007ef40d000000, 0x00007ef4b0600000, 0x00007f0962580000)
  object space 2676736K, 68% used [0x00007ef40d000000,0x00007ef47d628280,0x00007ef4b0600000)
 Metaspace       used 9554K, capacity 9573K, committed 9728K, reserved 10240K
Event: 9.277 GC heap after
Heap after GC invocations=6 (full 2):
 PSYoungGen      total 1654272K, used 0K [0x00007f0962580000, 0x00007f09ed180000, 0x00007f140d000000)
  eden space 1567232K, 0% used [0x00007f0962580000,0x00007f0962580000,0x00007f09c2000000)
  from space 87040K, 0% used [0x00007f09e7c80000,0x00007f09e7c80000,0x00007f09ed180000)
  to   space 87040K, 0% used [0x00007f09e2780000,0x00007f09e2780000,0x00007f09e7c80000)
 ParOldGen       total 3406848K, used 1177024K [0x00007ef40d000000, 0x00007ef4dcf00000, 0x00007f0962580000)
  object space 3406848K, 34% used [0x00007ef40d000000,0x00007ef454d70128,0x00007ef4dcf00000)
 Metaspace       used 9554K, capacity 9573K, committed 9728K, reserved 10240K
}
Event: 10.994 GC heap before
{Heap before GC invocations=7 (full 2):
 PSYoungGen      total 1654272K, used 1567232K [0x00007f0962580000, 0x00007f09ed180000, 0x00007f140d000000)
  eden space 1567232K, 100% used [0x00007f0962580000,0x00007f09c2000000,0x00007f09c2000000)
  from space 87040K, 0% used [0x00007f09e7c80000,0x00007f09e7c80000,0x00007f09ed180000)
  to   space 87040K, 0% used [0x00007f09e2780000,0x00007f09e2780000,0x00007f09e7c80000)
 ParOldGen       total 3406848K, used 1177024K [0x00007ef40d000000, 0x00007ef4dcf00000, 0x00007f0962580000)
  object space 3406848K, 34% used [0x00007ef40d000000,0x00007ef454d70128,0x00007ef4dcf00000)
 Metaspace       used 9573K, capacity 9637K, committed 9728K, reserved 10240K

