# JRE version: Java(TM) SE Runtime Environment (8.0_25-b17) (build 1.8.0_25-b17)
# Java VM: Java HotSpot(TM) 64-Bit Server VM (25.25-b02 mixed mode linux-amd64 )
Heap:
 PSYoungGen      total 8536064K, used 0K [0x00007fe3e2580000, 0x00007fe7c1080000, 0x00007fee8d000000)
  eden space 1238016K, 0% used [0x00007fe3e2580000,0x00007fe3e2580000,0x00007fe42de80000)
  from space 7298048K, 0% used [0x00007fe603980000,0x00007fe603980000,0x00007fe7c1080000)
  to   space 7496704K, 0% used [0x00007fe42de80000,0x00007fe42de80000,0x00007fe5f7780000)
 ParOldGen       total 19428352K, used 17584165K [0x00007fce8d000000, 0x00007fd32ed00000, 0x00007fe3e2580000)
  object space 19428352K, 90% used [0x00007fce8d000000,0x00007fd2be409480,0x00007fd32ed00000)
 Metaspace       used 11098K, capacity 11189K, committed 11264K, reserved 12288K
GC Heap History (10 events):
Event: 580.364 GC heap after
Heap after GC invocations=26 (full 5):
 PSYoungGen      total 8702976K, used 1518575K [0x00007fe3e2580000, 0x00007fe7db180000, 0x00007fee8d000000)
  eden space 761856K, 0% used [0x00007fe3e2580000,0x00007fe3e2580000,0x00007fe410d80000)
  from space 7941120K, 19% used [0x00007fe410d80000,0x00007fe46d87bfa8,0x00007fe5f5880000)
  to   space 7835136K, 0% used [0x00007fe5fce00000,0x00007fe5fce00000,0x00007fe7db180000)
 ParOldGen       total 14240768K, used 13211201K [0x00007fce8d000000, 0x00007fd1f2300000, 0x00007fe3e2580000)
  object space 14240768K, 92% used [0x00007fce8d000000,0x00007fd1b3590720,0x00007fd1f2300000)
 Metaspace       used 11098K, capacity 11189K, committed 11264K, reserved 12288K
}
Event: 580.364 GC heap before
{Heap before GC invocations=27 (full 6):
 PSYoungGen      total 8702976K, used 1518575K [0x00007fe3e2580000, 0x00007fe7db180000, 0x00007fee8d000000)
  eden space 761856K, 0% used [0x00007fe3e2580000,0x00007fe3e2580000,0x00007fe410d80000)
  from space 7941120K, 19% used [0x00007fe410d80000,0x00007fe46d87bfa8,0x00007fe5f5880000)
  to   space 7835136K, 0% used [0x00007fe5fce00000,0x00007fe5fce00000,0x00007fe7db180000)
 ParOldGen       total 14240768K, used 13211201K [0x00007fce8d000000, 0x00007fd1f2300000, 0x00007fe3e2580000)
  object space 14240768K, 92% used [0x00007fce8d000000,0x00007fd1b3590720,0x00007fd1f2300000)
 Metaspace       used 11098K, capacity 11189K, committed 11264K, reserved 12288K
Event: 601.325 GC heap after
Heap after GC invocations=27 (full 6):
 PSYoungGen      total 8702976K, used 470482K [0x00007fe3e2580000, 0x00007fe7db180000, 0x00007fee8d000000)
  eden space 761856K, 0% used [0x00007fe3e2580000,0x00007fe3e2580000,0x00007fe410d80000)
  from space 7941120K, 5% used [0x00007fe410d80000,0x00007fe42d8f4960,0x00007fe5f5880000)
  to   space 7835136K, 0% used [0x00007fe5fce00000,0x00007fe5fce00000,0x00007fe7db180000)
 ParOldGen       total 19428352K, used 14240730K [0x00007fce8d000000, 0x00007fd32ed00000, 0x00007fe3e2580000)
  object space 19428352K, 73% used [0x00007fce8d000000,0x00007fd1f22f6940,0x00007fd32ed00000)
 Metaspace       used 11098K, capacity 11189K, committed 11264K, reserved 12288K
}
Event: 624.135 GC heap before
{Heap before GC invocations=28 (full 6):
 PSYoungGen      total 8702976K, used 1232338K [0x00007fe3e2580000, 0x00007fe7db180000, 0x00007fee8d000000)
  eden space 761856K, 100% used [0x00007fe3e2580000,0x00007fe410d80000,0x00007fe410d80000)
  from space 7941120K, 5% used [0x00007fe410d80000,0x00007fe42d8f4960,0x00007fe5f5880000)
  to   space 7835136K, 0% used [0x00007fe5fce00000,0x00007fe5fce00000,0x00007fe7db180000)
 ParOldGen       total 19428352K, used 14240730K [0x00007fce8d000000, 0x00007fd32ed00000, 0x00007fe3e2580000)
  object space 19428352K, 73% used [0x00007fce8d000000,0x00007fd1f22f6940,0x00007fd32ed00000)
 Metaspace       used 11098K, capacity 11189K, committed 11264K, reserved 12288K
Event: 629.082 GC heap after
Heap after GC invocations=28 (full 6):
 PSYoungGen      total 8815104K, used 590246K [0x00007fe3e2580000, 0x00007fe7dbb00000, 0x00007fee8d000000)
  eden space 979968K, 0% used [0x00007fe3e2580000,0x00007fe3e2580000,0x00007fe41e280000)
  from space 7835136K, 7% used [0x00007fe5fce00000,0x00007fe620e69998,0x00007fe7db180000)
  to   space 7843328K, 0% used [0x00007fe41e280000,0x00007fe41e280000,0x00007fe5fce00000)
 ParOldGen       total 19428352K, used 14525221K [0x00007fce8d000000, 0x00007fd32ed00000, 0x00007fe3e2580000)
  object space 19428352K, 74% used [0x00007fce8d000000,0x00007fd2038c9710,0x00007fd32ed00000)
 Metaspace       used 11098K, capacity 11189K, committed 11264K, reserved 12288K
}
Event: 632.889 GC heap before
{Heap before GC invocations=29 (full 6):
 PSYoungGen      total 8815104K, used 1570214K [0x00007fe3e2580000, 0x00007fe7dbb00000, 0x00007fee8d000000)
  eden space 979968K, 100% used [0x00007fe3e2580000,0x00007fe41e280000,0x00007fe41e280000)
  from space 7835136K, 7% used [0x00007fe5fce00000,0x00007fe620e69998,0x00007fe7db180000)
  to   space 7843328K, 0% used [0x00007fe41e280000,0x00007fe41e280000,0x00007fe5fce00000)
 ParOldGen       total 19428352K, used 14525221K [0x00007fce8d000000, 0x00007fd32ed00000, 0x00007fe3e2580000)
  object space 19428352K, 74% used [0x00007fce8d000000,0x00007fd2038c9710,0x00007fd32ed00000)
 Metaspace       used 11098K, capacity 11189K, committed 11264K, reserved 12288K
Event: 633.373 GC heap after
Heap after GC invocations=29 (full 6):
 PSYoungGen      total 8823296K, used 1109228K [0x00007fe3e2580000, 0x00007fe7d8f00000, 0x00007fee8d000000)
  eden space 979968K, 0% used [0x00007fe3e2580000,0x00007fe3e2580000,0x00007fe41e280000)
  from space 7843328K, 14% used [0x00007fe41e280000,0x00007fe461dbb3f0,0x00007fe5fce00000)
  to   space 7689728K, 0% used [0x00007fe603980000,0x00007fe603980000,0x00007fe7d8f00000)
 ParOldGen       total 19428352K, used 14525221K [0x00007fce8d000000, 0x00007fd32ed00000, 0x00007fe3e2580000)
  object space 19428352K, 74% used [0x00007fce8d000000,0x00007fd2038c9710,0x00007fd32ed00000)
 Metaspace       used 11098K, capacity 11189K, committed 11264K, reserved 12288K
}
Event: 652.144 GC heap before
{Heap before GC invocations=30 (full 6):
 PSYoungGen      total 8823296K, used 2089196K [0x00007fe3e2580000, 0x00007fe7d8f00000, 0x00007fee8d000000)
  eden space 979968K, 100% used [0x00007fe3e2580000,0x00007fe41e280000,0x00007fe41e280000)
  from space 7843328K, 14% used [0x00007fe41e280000,0x00007fe461dbb3f0,0x00007fe5fce00000)
  to   space 7689728K, 0% used [0x00007fe603980000,0x00007fe603980000,0x00007fe7d8f00000)
 ParOldGen       total 19428352K, used 17408805K [0x00007fce8d000000, 0x00007fd32ed00000, 0x00007fe3e2580000)
  object space 19428352K, 89% used [0x00007fce8d000000,0x00007fd2b38c9730,0x00007fd32ed00000)
 Metaspace       used 11098K, capacity 11189K, committed 11264K, reserved 12288K
Event: 661.399 GC heap after
Heap after GC invocations=30 (full 6):
 PSYoungGen      total 8536064K, used 1122364K [0x00007fe3e2580000, 0x00007fe7c1080000, 0x00007fee8d000000)
  eden space 1238016K, 0% used [0x00007fe3e2580000,0x00007fe3e2580000,0x00007fe42de80000)
  from space 7298048K, 15% used [0x00007fe603980000,0x00007fe64818f150,0x00007fe7c1080000)
  to   space 7496704K, 0% used [0x00007fe42de80000,0x00007fe42de80000,0x00007fe5f7780000)
 ParOldGen       total 19428352K, used 18001197K [0x00007fce8d000000, 0x00007fd32ed00000, 0x00007fe3e2580000)
  object space 19428352K, 92% used [0x00007fce8d000000,0x00007fd2d7b4b570,0x00007fd32ed00000)
 Metaspace       used 11098K, capacity 11189K, committed 11264K, reserved 12288K
}
Event: 661.399 GC heap before
{Heap before GC invocations=31 (full 7):
 PSYoungGen      total 8536064K, used 1122364K [0x00007fe3e2580000, 0x00007fe7c1080000, 0x00007fee8d000000)
  eden space 1238016K, 0% used [0x00007fe3e2580000,0x00007fe3e2580000,0x00007fe42de80000)
  from space 7298048K, 15% used [0x00007fe603980000,0x00007fe64818f150,0x00007fe7c1080000)
  to   space 7496704K, 0% used [0x00007fe42de80000,0x00007fe42de80000,0x00007fe5f7780000)
 ParOldGen       total 19428352K, used 18001197K [0x00007fce8d000000, 0x00007fd32ed00000, 0x00007fe3e2580000)
  object space 19428352K, 92% used [0x00007fce8d000000,0x00007fd2d7b4b570,0x00007fd32ed00000)
 Metaspace       used 11098K, capacity 11189K, committed 11264K, reserved 12288K

